Arguments: 
  /var/lib/snapd/snap/node/5953/bin/node /usr/local/bin/yarn add react-apexcharts apexcharts

PATH: 
  /home/cwarren/.sdkman/candidates/mvnd/current/bin:/home/cwarren/.local/bin:/home/cwarren/bin:/usr/local/bin:/usr/local/sbin:/usr/bin:/usr/sbin:/var/lib/snapd/snap/bin

Yarn version: 
  1.22.17

Node version: 
  16.14.0

Platform: 
  linux x64

Trace: 
  SyntaxError: /home/cwarren/IdeaProjects/example/example-perspective/packages/client/package.json: Unexpected token } in JSON at position 752
      at JSON.parse (<anonymous>)
      at /usr/local/lib/node_modules/yarn/lib/cli.js:1625:59
      at Generator.next (<anonymous>)
      at step (/usr/local/lib/node_modules/yarn/lib/cli.js:310:30)
      at /usr/local/lib/node_modules/yarn/lib/cli.js:321:13

npm manifest: 
  {
    "name": "@example/example-perspective-client",
    "version": "1.0.0",
    "description": "example client scope perspective components",
    "main": "dist/index.js",
    "typings": "dist/typings/example-client.d.ts",
    "license": "UNlICENSED",
    "scripts": {
      "build": "yarn run clean && yarn run lint && webpack --mode development",
      "client": "yarn run build",
      "lint": "tslint -p tsconfig.json -c tslint.json typescript/**/*.tsx typescript/**/*.ts -t stylish",
      "check": "npm test && npm run lint",
      "clean": "rimraf dist .awcache",
      "deepClean": "npm run clean && rimraf node_modules __coverage__"
    },
    "dependencies": {
      "@inductiveautomation/perspective-client": "~2.1.0",
      "react": "~16.8.4",
      "react-dom": "~16.8.4",
    },
    "devDependencies": {
      "@types/history": "~4.6.0",
      "@types/jsnlog": "~2.17.35",
      "@types/moment-timezone": "^0.5.3",
      "@types/react": "~16.9.12",
      "@types/react-dom": "~16.8.3",
      "babel-core": "^6.26.3",
      "css-loader": "^2.1.1",
      "mini-css-extract-plugin": "^0.7.0",
      "on-build-webpack": "^0.1.0",
      "node-sass": "^6.0.1",
      "sass-loader": "^10.2.0",
      "ts-loader": "^5.3.3",
      "tslint": "^5.14.0",
      "tslint-react": "^3.6.0",
      "typescript": "^4.4.3",
      "webpack": "^4.29.6",
      "webpack-cli": "^3.3.0",
      "yarn": "^1.22.4"
    }
  }

yarn manifest: 
  No manifest

Lockfile: 
  No lockfile
